<?xml version="1.0" encoding="UTF-8"?>
<testsuite xmlns:xsi="http://www.w3.org/2001/XMLSchema-instance" xsi:noNamespaceSchemaLocation="https://maven.apache.org/surefire/maven-surefire-plugin/xsd/surefire-test-report-3.0.xsd" version="3.0" name="com.laxmki.AppTest" time="0.751" tests="1" errors="0" skipped="0" failures="0">
  <properties>
    <property name="java.specification.version" value="17"/>
    <property name="sun.cpu.isalist" value="amd64"/>
    <property name="sun.jnu.encoding" value="UTF-8"/>
    <property name="java.class.path" value="C:\Users\laxmi\OneDrive\Desktop\mavenrepo\helloworld\target\test-classes;C:\Users\laxmi\OneDrive\Desktop\mavenrepo\helloworld\target\classes;C:\Users\laxmi\.m2\repository\junit\junit\4.11\junit-4.11.jar;C:\Users\laxmi\.m2\repository\org\hamcrest\hamcrest-core\1.3\hamcrest-core-1.3.jar;"/>
    <property name="java.vm.vendor" value="Oracle Corporation"/>
    <property name="sun.arch.data.model" value="64"/>
    <property name="user.variant" value=""/>
    <property name="java.vendor.url" value="https://java.oracle.com/"/>
    <property name="user.timezone" value="Asia/Calcutta"/>
    <property name="os.name" value="Windows 11"/>
    <property name="java.vm.specification.version" value="17"/>
    <property name="sun.java.launcher" value="SUN_STANDARD"/>
    <property name="user.country" value="IN"/>
    <property name="sun.boot.library.path" value="C:\Program Files\Java\jdk-17\bin"/>
    <property name="sun.java.command" value="C:\Users\laxmi\AppData\Local\Temp\surefire7470530103768558848\surefirebooter-20240424204008260_3.jar C:\Users\laxmi\AppData\Local\Temp\surefire7470530103768558848 2024-04-24T20-40-06_803-jvmRun1 surefire-20240424204008260_1tmp surefire_0-20240424204008260_2tmp"/>
    <property name="jdk.debug" value="release"/>
    <property name="surefire.test.class.path" value="C:\Users\laxmi\OneDrive\Desktop\mavenrepo\helloworld\target\test-classes;C:\Users\laxmi\OneDrive\Desktop\mavenrepo\helloworld\target\classes;C:\Users\laxmi\.m2\repository\junit\junit\4.11\junit-4.11.jar;C:\Users\laxmi\.m2\repository\org\hamcrest\hamcrest-core\1.3\hamcrest-core-1.3.jar;"/>
    <property name="sun.cpu.endian" value="little"/>
    <property name="user.home" value="C:\Users\laxmi"/>
    <property name="user.language" value="en"/>
    <property name="java.specification.vendor" value="Oracle Corporation"/>
    <property name="java.version.date" value="2024-01-16"/>
    <property name="java.home" value="C:\Program Files\Java\jdk-17"/>
    <property name="file.separator" value="\"/>
    <property name="basedir" value="C:\Users\laxmi\OneDrive\Desktop\mavenrepo\helloworld"/>
    <property name="java.vm.compressedOopsMode" value="Zero based"/>
    <property name="line.separator" value="&#10;"/>
    <property name="java.vm.specification.vendor" value="Oracle Corporation"/>
    <property name="java.specification.name" value="Java Platform API Specification"/>
    <property name="surefire.real.class.path" value="C:\Users\laxmi\AppData\Local\Temp\surefire7470530103768558848\surefirebooter-20240424204008260_3.jar"/>
    <property name="user.script" value=""/>
    <property name="sun.management.compiler" value="HotSpot 64-Bit Tiered Compilers"/>
    <property name="java.runtime.version" value="17.0.10+11-LTS-240"/>
    <property name="user.name" value="laxmi"/>
    <property name="path.separator" value=";"/>
    <property name="os.version" value="10.0"/>
    <property name="java.runtime.name" value="Java(TM) SE Runtime Environment"/>
    <property name="file.encoding" value="UTF-8"/>
    <property name="java.vm.name" value="Java HotSpot(TM) 64-Bit Server VM"/>
    <property name="localRepository" value="C:\Users\laxmi\.m2\repository"/>
    <property name="java.vendor.url.bug" value="https://bugreport.java.com/bugreport/"/>
    <property name="java.io.tmpdir" value="C:\Users\laxmi\AppData\Local\Temp\"/>
    <property name="java.version" value="17.0.10"/>
    <property name="user.dir" value="C:\Users\laxmi\OneDrive\Desktop\mavenrepo\helloworld"/>
    <property name="os.arch" value="amd64"/>
    <property name="java.vm.specification.name" value="Java Virtual Machine Specification"/>
    <property name="sun.os.patch.level" value=""/>
    <property name="native.encoding" value="UTF-8"/>
    <property name="java.library.path" value="C:\Program Files\Java\jdk-17\bin;C:\WINDOWS\Sun\Java\bin;C:\WINDOWS\system32;C:\WINDOWS;C:\Program Files\Common Files\Oracle\Java\javapath;C:\Program Files (x86)\Common Files\Oracle\Java\javapath;C:\Users\laxmi\AppData\Roaming\nvm;C:\Program Files\nodejs;C:\Users\laxmi\AppData\Local\Pub\Cache\bin;C:\WINDOWS\System32\WindowsPowerShell\v1.0\;C:\Windows\System32;C:\Program Files\Java\jdk-17\bin;C:\src\flutter\bin;C:\Program Files\Go\bin;C:\Program Files (x86)\Google\Cloud SDK\google-cloud-sdk\bin;C:\Users\laxmi\Downloads\helm-v3.13.3-windows-amd64\windows-amd64;C:\Program Files\Docker\Docker\resources\bin;C:\Program Files\Git\cmd;C:\Program Files\Amazon\AWSCLIV2\;C:\terraforminit;C:\apache-maven-3.9.6-bin\apache-maven-3.9.6\bin;C:\Users\laxmi\AppData\Local\Programs\Python\Python311\Scripts\;C:\Users\laxmi\AppData\Local\Programs\Python\Python311\;C:\Users\laxmi\AppData\Local\Microsoft\WindowsApps;C:\src\flutter_windows_2.5.3-stable\flutter\bin;C:\src\flyway-8.0.5;C:\src\spawnctl.exe;C:\Program Files\Git\cmd;C:\Program Files\Git\bin\;C:\Program Files\JetBrains\PyCharm Community Edition 2021.3\bin;C:\Users\laxmi\go\bin;C:\Program Files\Oracle\VirtualBox;C:\Users\laxmi\AppData\Local\atom\bin;C:\Users\laxmi\AppData\Roaming\npm;C:\Users\laxmi\AppData\Roaming\nvm;C:\Program Files\nodejs;C:\terraform;C:\Users\laxmi\AppData\Local\Programs\Microsoft VS Code\bin;C:\Users\laxmi\go\bin;C:\Program Files\heroku\bin;C:\apache-groovy-binary-4.0.18\groovy-4.0.18\bin;C:\Users\laxmi\AppData\Local\GitHubDesktop\bin;C:\Users\laxmi\AppData\Local\gitkraken\bin;C:\Program Files\JetBrains\PyCharm Community Edition 2023.3.5\bin;;."/>
    <property name="java.vm.info" value="mixed mode, sharing"/>
    <property name="java.vendor" value="Oracle Corporation"/>
    <property name="java.vm.version" value="17.0.10+11-LTS-240"/>
    <property name="sun.io.unicode.encoding" value="UnicodeLittle"/>
    <property name="java.class.version" value="61.0"/>
  </properties>
  <testcase name="shouldAnswerWithTrue" classname="com.laxmki.AppTest" time="0.029"/>
</testsuite>